This is pdfTeX, Version 3.14159265-2.6-1.40.19 (TeX Live 2018) (preloaded format=pdflatex 2018.4.16)  26 NOV 2018 01:17
entering extended mode
 restricted \write18 enabled.
 %&-line parsing enabled.
**hw12.tex
(./hw12.tex
LaTeX2e <2018-04-01> patch level 2
Babel <3.18> and hyphenation patterns for 84 language(s) loaded.
(/usr/local/texlive/2018/texmf-dist/tex/latex/base/article.cls
Document Class: article 2014/09/29 v1.4h Standard LaTeX document class
(/usr/local/texlive/2018/texmf-dist/tex/latex/base/size10.clo
File: size10.clo 2014/09/29 v1.4h Standard LaTeX file (size option)
)
\c@part=\count80
\c@section=\count81
\c@subsection=\count82
\c@subsubsection=\count83
\c@paragraph=\count84
\c@subparagraph=\count85
\c@figure=\count86
\c@table=\count87
\abovecaptionskip=\skip41
\belowcaptionskip=\skip42
\bibindent=\dimen102
)
(/usr/local/texlive/2018/texmf-dist/tex/latex/amsfonts/amsfonts.sty
Package: amsfonts 2013/01/14 v3.01 Basic AMSFonts support
\@emptytoks=\toks14
\symAMSa=\mathgroup4
\symAMSb=\mathgroup5
LaTeX Font Info:    Overwriting math alphabet `\mathfrak' in version `bold'
(Font)                  U/euf/m/n --> U/euf/b/n on input line 106.
)
(/usr/local/texlive/2018/texmf-dist/tex/latex/tools/enumerate.sty
Package: enumerate 2015/07/23 v3.00 enumerate extensions (DPC)
\@enLab=\toks15
)
(/usr/local/texlive/2018/texmf-dist/tex/latex/zed-csp/zed-csp.sty
Package: zed-csp 95/01/11 0c zed-csp package
\c@mv@zed=\count88
LaTeX Font Info:    Overwriting math alphabet `\mathrm' in version `zed'
(Font)                  OT1/cmr/m/n --> OT1/cmr/m/n on input line 86.
LaTeX Font Info:    Overwriting math alphabet `\mathbf' in version `zed'
(Font)                  OT1/cmr/bx/n --> OT1/cmr/bx/n on input line 86.
LaTeX Font Info:    Overwriting math alphabet `\mathsf' in version `zed'
(Font)                  OT1/cmss/m/n --> OT1/cmss/m/n on input line 86.
\symitalics=\mathgroup6
LaTeX Font Info:    Redeclaring math alphabet \mathrm on input line 86.
LaTeX Font Info:    Redeclaring math alphabet \mathit on input line 86.
\symlasy=\mathgroup7
LaTeX Font Info:    Redeclaring symbol font `AMSa' on input line 86.
LaTeX Font Info:    Overwriting symbol font `AMSa' in version `normal'
(Font)                  U/msa/m/n --> U/msa/m/n on input line 86.
LaTeX Font Info:    Overwriting symbol font `AMSa' in version `bold'
(Font)                  U/msa/m/n --> U/msa/m/n on input line 86.
LaTeX Font Info:    Overwriting symbol font `AMSa' in version `zed'
(Font)                  U/msa/m/n --> U/msa/m/n on input line 86.
LaTeX Font Info:    Redeclaring symbol font `AMSb' on input line 86.
LaTeX Font Info:    Overwriting symbol font `AMSb' in version `normal'
(Font)                  U/msb/m/n --> U/msb/m/n on input line 86.
LaTeX Font Info:    Overwriting symbol font `AMSb' in version `bold'
(Font)                  U/msb/m/n --> U/msb/m/n on input line 86.
LaTeX Font Info:    Overwriting symbol font `AMSb' in version `zed'
(Font)                  U/msb/m/n --> U/msb/m/n on input line 86.
LaTeX Font Info:    Redeclaring math symbol \square on input line 308.
LaTeX Font Info:    Redeclaring math symbol \lozenge on input line 308.
LaTeX Font Info:    Redeclaring math symbol \rightsquigarrow on input line 308.

LaTeX Font Info:    Redeclaring math symbol \sqsubset on input line 308.
LaTeX Font Info:    Redeclaring math symbol \sqsupset on input line 308.
LaTeX Font Info:    Redeclaring math symbol \vartriangleright on input line 308
.
LaTeX Font Info:    Redeclaring math symbol \vartriangleleft on input line 308.

LaTeX Font Info:    Redeclaring math symbol \trianglerighteq on input line 308.

LaTeX Font Info:    Redeclaring math symbol \trianglelefteq on input line 308.
LaTeX Font Info:    Redeclaring math delimiter \ulcorner on input line 308.
LaTeX Font Info:    Redeclaring math delimiter \urcorner on input line 308.
LaTeX Font Info:    Redeclaring math delimiter \llcorner on input line 308.
LaTeX Font Info:    Redeclaring math delimiter \lrcorner on input line 308.
LaTeX Font Info:    Redeclaring math symbol \mho on input line 308.
LaTeX Font Info:    Redeclaring math symbol \hbar on input line 308.
\zedindent=\dimen103
\zedleftsep=\dimen104
\zedtab=\dimen105
\zedbar=\dimen106
\zedskip=\skip43
\interzedlinepenalty=\count89
\preboxpenalty=\count90
)
(./handout.tex)
(/usr/local/texlive/2018/texmf-dist/tex/latex/graphics/graphicx.sty
Package: graphicx 2017/06/01 v1.1a Enhanced LaTeX Graphics (DPC,SPQR)

(/usr/local/texlive/2018/texmf-dist/tex/latex/graphics/keyval.sty
Package: keyval 2014/10/28 v1.15 key=value parser (DPC)
\KV@toks@=\toks16
)
(/usr/local/texlive/2018/texmf-dist/tex/latex/graphics/graphics.sty
Package: graphics 2017/06/25 v1.2c Standard LaTeX Graphics (DPC,SPQR)

(/usr/local/texlive/2018/texmf-dist/tex/latex/graphics/trig.sty
Package: trig 2016/01/03 v1.10 sin cos tan (DPC)
)
(/usr/local/texlive/2018/texmf-dist/tex/latex/graphics-cfg/graphics.cfg
File: graphics.cfg 2016/06/04 v1.11 sample graphics configuration
)
Package graphics Info: Driver file: pdftex.def on input line 99.

(/usr/local/texlive/2018/texmf-dist/tex/latex/graphics-def/pdftex.def
File: pdftex.def 2018/01/08 v1.0l Graphics/color driver for pdftex
))
\Gin@req@height=\dimen107
\Gin@req@width=\dimen108
)
(./hw12.aux)
\openout1 = `hw12.aux'.

LaTeX Font Info:    Checking defaults for OML/cmm/m/it on input line 7.
LaTeX Font Info:    ... okay on input line 7.
LaTeX Font Info:    Checking defaults for T1/cmr/m/n on input line 7.
LaTeX Font Info:    ... okay on input line 7.
LaTeX Font Info:    Checking defaults for OT1/cmr/m/n on input line 7.
LaTeX Font Info:    ... okay on input line 7.
LaTeX Font Info:    Checking defaults for OMS/cmsy/m/n on input line 7.
LaTeX Font Info:    ... okay on input line 7.
LaTeX Font Info:    Checking defaults for OMX/cmex/m/n on input line 7.
LaTeX Font Info:    ... okay on input line 7.
LaTeX Font Info:    Checking defaults for U/cmr/m/n on input line 7.
LaTeX Font Info:    ... okay on input line 7.

(/usr/local/texlive/2018/texmf-dist/tex/context/base/mkii/supp-pdf.mkii
[Loading MPS to PDF converter (version 2006.09.02).]
\scratchcounter=\count91
\scratchdimen=\dimen109
\scratchbox=\box26
\nofMPsegments=\count92
\nofMParguments=\count93
\everyMPshowfont=\toks17
\MPscratchCnt=\count94
\MPscratchDim=\dimen110
\MPnumerator=\count95
\makeMPintoPDFobject=\count96
\everyMPtoPDFconversion=\toks18
) (/usr/local/texlive/2018/texmf-dist/tex/latex/oberdiek/epstopdf-base.sty
Package: epstopdf-base 2016/05/15 v2.6 Base part for package epstopdf

(/usr/local/texlive/2018/texmf-dist/tex/generic/oberdiek/infwarerr.sty
Package: infwarerr 2016/05/16 v1.4 Providing info/warning/error messages (HO)
)
(/usr/local/texlive/2018/texmf-dist/tex/latex/oberdiek/grfext.sty
Package: grfext 2016/05/16 v1.2 Manage graphics extensions (HO)

(/usr/local/texlive/2018/texmf-dist/tex/generic/oberdiek/kvdefinekeys.sty
Package: kvdefinekeys 2016/05/16 v1.4 Define keys (HO)

(/usr/local/texlive/2018/texmf-dist/tex/generic/oberdiek/ltxcmds.sty
Package: ltxcmds 2016/05/16 v1.23 LaTeX kernel commands for general use (HO)
)))
(/usr/local/texlive/2018/texmf-dist/tex/latex/oberdiek/kvoptions.sty
Package: kvoptions 2016/05/16 v3.12 Key value format for package options (HO)

(/usr/local/texlive/2018/texmf-dist/tex/generic/oberdiek/kvsetkeys.sty
Package: kvsetkeys 2016/05/16 v1.17 Key value parser (HO)

(/usr/local/texlive/2018/texmf-dist/tex/generic/oberdiek/etexcmds.sty
Package: etexcmds 2016/05/16 v1.6 Avoid name clashes with e-TeX commands (HO)

(/usr/local/texlive/2018/texmf-dist/tex/generic/oberdiek/ifluatex.sty
Package: ifluatex 2016/05/16 v1.4 Provides the ifluatex switch (HO)
Package ifluatex Info: LuaTeX not detected.
)
Package etexcmds Info: Could not find \expanded.
(etexcmds)             That can mean that you are not using pdfTeX 1.50 or
(etexcmds)             that some package has redefined \expanded.
(etexcmds)             In the latter case, load this package earlier.
)))
(/usr/local/texlive/2018/texmf-dist/tex/generic/oberdiek/pdftexcmds.sty
Package: pdftexcmds 2018/01/30 v0.27 Utility functions of pdfTeX for LuaTeX (HO
)

(/usr/local/texlive/2018/texmf-dist/tex/generic/oberdiek/ifpdf.sty
Package: ifpdf 2017/03/15 v3.2 Provides the ifpdf switch
)
Package pdftexcmds Info: LuaTeX not detected.
Package pdftexcmds Info: \pdf@primitive is available.
Package pdftexcmds Info: \pdf@ifprimitive is available.
Package pdftexcmds Info: \pdfdraftmode found.
)
Package epstopdf-base Info: Redefining graphics rule for `.eps' on input line 4
38.
Package grfext Info: Graphics extension search list:
(grfext)             [.pdf,.png,.jpg,.mps,.jpeg,.jbig2,.jb2,.PDF,.PNG,.JPG,.JPE
G,.JBIG2,.JB2,.eps]
(grfext)             \AppendGraphicsExtensions on input line 456.

(/usr/local/texlive/2018/texmf-dist/tex/latex/latexconfig/epstopdf-sys.cfg
File: epstopdf-sys.cfg 2010/07/13 v1.3 Configuration of (r)epstopdf for TeX Liv
e
))
LaTeX Font Info:    Try loading font information for U+msa on input line 14.

(/usr/local/texlive/2018/texmf-dist/tex/latex/amsfonts/umsa.fd
File: umsa.fd 2013/01/14 v3.01 AMS symbols A
)
LaTeX Font Info:    Try loading font information for U+msb on input line 14.

(/usr/local/texlive/2018/texmf-dist/tex/latex/amsfonts/umsb.fd
File: umsb.fd 2013/01/14 v3.01 AMS symbols B
)
LaTeX Font Info:    Try loading font information for U+lasy on input line 14.

(/usr/local/texlive/2018/texmf-dist/tex/latex/base/ulasy.fd
File: ulasy.fd 1998/08/17 v2.2e LaTeX symbol font definitions
)
Underfull \hbox (badness 10000) in paragraph at lines 16--23

 []


Underfull \hbox (badness 10000) in paragraph at lines 23--26

 []


Underfull \hbox (badness 10000) in paragraph at lines 26--30

 []

LaTeX Font Info:    Try loading font information for OMS+cmr on input line 36.
(/usr/local/texlive/2018/texmf-dist/tex/latex/base/omscmr.fd
File: omscmr.fd 2014/09/29 v2.5h Standard LaTeX font definitions
)
LaTeX Font Info:    Font shape `OMS/cmr/m/n' in size <10> not available
(Font)              Font shape `OMS/cmsy/m/n' tried instead on input line 36.

Underfull \hbox (badness 10000) in paragraph at lines 46--47

 []

[1

{/usr/local/texlive/2018/texmf-var/fonts/map/pdftex/updmap/pdftex.map}]
Underfull \hbox (badness 10000) in paragraph at lines 47--49

 []


Underfull \hbox (badness 10000) in paragraph at lines 49--51

 []


Underfull \hbox (badness 10000) in paragraph at lines 51--53

 []

<deadlocks.png, id=13, 860.21375pt x 689.57625pt>
File: deadlocks.png Graphic file (type png)
<use deadlocks.png>
Package pdftex.def Info: deadlocks.png  used on input line 106.
(pdftex.def)             Requested size: 430.10582pt x 344.78728pt.

Overfull \hbox (43.48586pt too wide) in paragraph at lines 105--108
[]
 []

[2]
Overfull \hbox (43.87628pt too wide) in paragraph at lines 119--119
 []\OT1/cmtt/m/n/10 assert ALL_MESSAGES_ARE_RECEIVED = forall[i:Msg] [] (MSG_SE
NT[i] -> <>ACK_SENT[i])[] 
 []

[3 <./deadlocks.png>]
Overfull \hbox (38.62633pt too wide) in paragraph at lines 169--169
 []    \OT1/cmtt/m/n/10 msg_received[i] -> send_ack[i] -> ( // process the curr
ently expected message[] 
 []


Overfull \hbox (43.87628pt too wide) in paragraph at lines 169--169
 []    \OT1/cmtt/m/n/10 msg_received[j] -> send_ack[j] -> ( // process the prev
iously expected message[] 
 []


Overfull \hbox (43.87628pt too wide) in paragraph at lines 169--169
 []\OT1/cmtt/m/n/10 assert ALL_MESSAGES_ARE_RECEIVED = forall[i:Msg] [] (MSG_SE
NT[i] -> <>ACK_SENT[i])[] 
 []

<nodeadlocks2.png, id=24, 860.21375pt x 689.57625pt>
File: nodeadlocks2.png Graphic file (type png)
<use nodeadlocks2.png>
Package pdftex.def Info: nodeadlocks2.png  used on input line 170.
(pdftex.def)             Requested size: 430.10582pt x 344.78728pt.

Overfull \hbox (43.48586pt too wide) in paragraph at lines 170--171
[] 
 []

[4]
Underfull \hbox (badness 10000) in paragraph at lines 172--173

 []

[5 <./nodeadlocks2.png>] (./hw12.aux) ) 
Here is how much of TeX's memory you used:
 2076 strings out of 492649
 26914 string characters out of 6129622
 92821 words of memory out of 5000000
 5933 multiletter control sequences out of 15000+600000
 8241 words of font info for 34 fonts, out of 8000000 for 9000
 1141 hyphenation exceptions out of 8191
 41i,5n,29p,756b,393s stack positions out of 5000i,500n,10000p,200000b,80000s
</usr/local/texlive/2018/texmf-dist/font
s/type1/public/amsfonts/cm/cmbx12.pfb></usr/local/texlive/2018/texmf-dist/fonts
/type1/public/amsfonts/cm/cmcsc10.pfb></usr/local/texlive/2018/texmf-dist/fonts
/type1/public/amsfonts/cm/cmmi10.pfb></usr/local/texlive/2018/texmf-dist/fonts/
type1/public/amsfonts/cm/cmr10.pfb></usr/local/texlive/2018/texmf-dist/fonts/ty
pe1/public/amsfonts/cm/cmsy10.pfb></usr/local/texlive/2018/texmf-dist/fonts/typ
e1/public/amsfonts/cm/cmti10.pfb></usr/local/texlive/2018/texmf-dist/fonts/type
1/public/amsfonts/cm/cmtt10.pfb></usr/local/texlive/2018/texmf-dist/fonts/type1
/public/amsfonts/cm/cmtt9.pfb></usr/local/texlive/2018/texmf-dist/fonts/type1/p
ublic/amsfonts/latxfont/lasy10.pfb>
Output written on hw12.pdf (5 pages, 248674 bytes).
PDF statistics:
 61 PDF objects out of 1000 (max. 8388607)
 40 compressed objects within 1 object stream
 0 named destinations out of 1000 (max. 500000)
 11 words of extra memory for PDF output out of 10000 (max. 10000000)

